<?xml version="1.0" encoding="UTF-8"?>
<testsuite xmlns:xsi="http://www.w3.org/2001/XMLSchema-instance" xsi:schemaLocation="https://maven.apache.org/surefire/maven-surefire-plugin/xsd/surefire-test-report.xsd" name="cucumber.cucumber.acceptancetests.AllTests" time="0.956" tests="4" errors="2" skipped="2" failures="0">
  <properties>
[...]
</properties>
  <testcase name="Scenario: Searching Google..." classname="Scenario: Searching Google..." time="0.084">
    <error message="Unable to provision, see the following errors:&#10;&#10;1) Error in custom provider, java.lang.IllegalStateException: The path to the driver executable must be set by the webdriver.chrome.driver system property; for more information, see https://github.com/SeleniumHQ/selenium/wiki/ChromeDriver. The latest version can be downloaded from http://chromedriver.storage.googleapis.com/index.html&#10;  while locating cucumber.cucumber.guice.provider.WebDriverProvider&#10;  at cucumber.cucumber.guice.ProjectModule.configure(ProjectModule.java:12)&#10;  while locating org.openqa.selenium.WebDriver&#10;    for the 1st parameter of cucumber.cucumber.hooks.Hooks.&lt;init&gt;(Hooks.java:14)&#10;  while locating cucumber.cucumber.hooks.Hooks&#10;&#10;1 error" type="com.google.inject.ProvisionException"><![CDATA[com.google.inject.ProvisionException: 
Unable to provision, see the following errors:

1) Error in custom provider, java.lang.IllegalStateException: The path to the driver executable must be set by the webdriver.chrome.driver system property; for more information, see https://github.com/SeleniumHQ/selenium/wiki/ChromeDriver. The latest version can be downloaded from http://chromedriver.storage.googleapis.com/index.html
  while locating cucumber.cucumber.guice.provider.WebDriverProvider
  at cucumber.cucumber.guice.ProjectModule.configure(ProjectModule.java:12)
  while locating org.openqa.selenium.WebDriver
    for the 1st parameter of cucumber.cucumber.hooks.Hooks.<init>(Hooks.java:14)
  while locating cucumber.cucumber.hooks.Hooks

1 error
Caused by: java.lang.IllegalStateException: The path to the driver executable must be set by the webdriver.chrome.driver system property; for more information, see https://github.com/SeleniumHQ/selenium/wiki/ChromeDriver. The latest version can be downloaded from http://chromedriver.storage.googleapis.com/index.html
]]></error>
    <system-out><![CDATA[@complete
Feature: Example feature
  
  In order to ...
  As a ...
  I want to ...
]]></system-out>
  </testcase>
  <testcase name="Scenario: Searching Google..." classname="Scenario: Searching Google..." time="0.129">
    <error message="Unable to provision, see the following errors:&#10;&#10;1) Error in custom provider, java.lang.IllegalStateException: The path to the driver executable must be set by the webdriver.chrome.driver system property; for more information, see https://github.com/SeleniumHQ/selenium/wiki/ChromeDriver. The latest version can be downloaded from http://chromedriver.storage.googleapis.com/index.html&#10;  while locating cucumber.cucumber.guice.provider.WebDriverProvider&#10;  at cucumber.cucumber.guice.ProjectModule.configure(ProjectModule.java:12)&#10;  while locating org.openqa.selenium.WebDriver&#10;    for the 1st parameter of cucumber.cucumber.hooks.Hooks.&lt;init&gt;(Hooks.java:14)&#10;  while locating cucumber.cucumber.hooks.Hooks&#10;&#10;1 error" type="com.google.inject.ProvisionException"><![CDATA[com.google.inject.ProvisionException: 
Unable to provision, see the following errors:

1) Error in custom provider, java.lang.IllegalStateException: The path to the driver executable must be set by the webdriver.chrome.driver system property; for more information, see https://github.com/SeleniumHQ/selenium/wiki/ChromeDriver. The latest version can be downloaded from http://chromedriver.storage.googleapis.com/index.html
  while locating cucumber.cucumber.guice.provider.WebDriverProvider
  at cucumber.cucumber.guice.ProjectModule.configure(ProjectModule.java:12)
  while locating org.openqa.selenium.WebDriver
    for the 1st parameter of cucumber.cucumber.hooks.Hooks.<init>(Hooks.java:14)
  while locating cucumber.cucumber.hooks.Hooks

1 error
Caused by: java.lang.IllegalStateException: The path to the driver executable must be set by the webdriver.chrome.driver system property; for more information, see https://github.com/SeleniumHQ/selenium/wiki/ChromeDriver. The latest version can be downloaded from http://chromedriver.storage.googleapis.com/index.html
]]></error>
  </testcase>
  <testcase name="Given I search for &quot;test automation&quot;" classname="Scenario: Searching Google..." time="0">
    <skipped/>
    <system-out><![CDATA[&amp#27;[31mFailure in before hook:&amp#27;[0m&amp#27;[31mHooks.openWebSite()&amp#27;[0m
&amp#27;[31mMessage: &amp#27;[0m&amp#27;[31mcom.google.inject.ProvisionException: Unable to provision, see the following errors:

1) Error in custom provider, java.lang.IllegalStateException: The path to the driver executable must be set by the webdriver.chrome.driver system property; for more information, see https://github.com/SeleniumHQ/selenium/wiki/ChromeDriver. The latest version can be downloaded from http://chromedriver.storage.googleapis.com/index.html
  while locating cucumber.cucumber.guice.provider.WebDriverProvider
  at cucumber.cucumber.guice.ProjectModule.configure(ProjectModule.java:12)
  while locating org.openqa.selenium.WebDriver
    for the 1st parameter of cucumber.cucumber.hooks.Hooks.<init>(Hooks.java:14)
  while locating cucumber.cucumber.hooks.Hooks

1 error
	at com.google.inject.internal.InjectorImpl$2.get(InjectorImpl.java:1028)
	at com.google.inject.internal.InjectorImpl.getInstance(InjectorImpl.java:1054)
	at cucumber.runtime.java.guice.impl.GuiceFactory.getInstance(GuiceFactory.java:42)
	at cucumber.runtime.java.JavaHookDefinition.execute(JavaHookDefinition.java:60)
	at cucumber.runtime.Runtime.runHookIfTagsMatch(Runtime.java:224)
	at cucumber.runtime.Runtime.runHooks(Runtime.java:212)
	at cucumber.runtime.Runtime.runBeforeHooks(Runtime.java:202)
	at cucumber.runtime.model.CucumberScenario.run(CucumberScenario.java:40)
	at cucumber.runtime.junit.ExecutionUnitRunner.run(ExecutionUnitRunner.java:102)
	at cucumber.runtime.junit.FeatureRunner.runChild(FeatureRunner.java:63)
	at cucumber.runtime.junit.FeatureRunner.runChild(FeatureRunner.java:18)
	at org.junit.runners.ParentRunner$3.run(ParentRunner.java:290)
	at org.junit.runners.ParentRunner$1.schedule(ParentRunner.java:71)
	at org.junit.runners.ParentRunner.runChildren(ParentRunner.java:288)
	at org.junit.runners.ParentRunner.access$000(ParentRunner.java:58)
	at org.junit.runners.ParentRunner$2.evaluate(ParentRunner.java:268)
	at org.junit.runners.ParentRunner.run(ParentRunner.java:363)
	at cucumber.runtime.junit.FeatureRunner.run(FeatureRunner.java:70)
	at cucumber.api.junit.Cucumber.runChild(Cucumber.java:95)
	at cucumber.api.junit.Cucumber.runChild(Cucumber.java:38)
	at org.junit.runners.ParentRunner$3.run(ParentRunner.java:290)
	at org.junit.runners.ParentRunner$1.schedule(ParentRunner.java:71)
	at org.junit.runners.ParentRunner.runChildren(ParentRunner.java:288)
	at org.junit.runners.ParentRunner.access$000(ParentRunner.java:58)
	at org.junit.runners.ParentRunner$2.evaluate(ParentRunner.java:268)
	at org.junit.runners.ParentRunner.run(ParentRunner.java:363)
	at cucumber.api.junit.Cucumber.run(Cucumber.java:100)
	at org.apache.maven.surefire.junit4.JUnit4Provider.execute(JUnit4Provider.java:367)
	at org.apache.maven.surefire.junit4.JUnit4Provider.executeWithRerun(JUnit4Provider.java:274)
	at org.apache.maven.surefire.junit4.JUnit4Provider.executeTestSet(JUnit4Provider.java:238)
	at org.apache.maven.surefire.junit4.JUnit4Provider.invoke(JUnit4Provider.java:161)
	at org.apache.maven.surefire.booter.ForkedBooter.invokeProviderInSameClassLoader(ForkedBooter.java:290)
	at org.apache.maven.surefire.booter.ForkedBooter.runSuitesInProcess(ForkedBooter.java:242)
	at org.apache.maven.surefire.booter.ForkedBooter.main(ForkedBooter.java:121)
Caused by: java.lang.IllegalStateException: The path to the driver executable must be set by the webdriver.chrome.driver system property; for more information, see https://github.com/SeleniumHQ/selenium/wiki/ChromeDriver. The latest version can be downloaded from http://chromedriver.storage.googleapis.com/index.html
	at com.google.common.base.Preconditions.checkState(Preconditions.java:199)
	at org.openqa.selenium.remote.service.DriverService.findExecutable(DriverService.java:109)
	at org.openqa.selenium.chrome.ChromeDriverService.access$000(ChromeDriverService.java:32)
	at org.openqa.selenium.chrome.ChromeDriverService$Builder.findDefaultExecutable(ChromeDriverService.java:137)
	at org.openqa.selenium.remote.service.DriverService$Builder.build(DriverService.java:296)
	at org.openqa.selenium.chrome.ChromeDriverService.createDefaultService(ChromeDriverService.java:88)
	at org.openqa.selenium.chrome.ChromeDriver.<init>(ChromeDriver.java:120)
	at cucumber.cucumber.guice.provider.WebDriverProvider.get(WebDriverProvider.java:44)
	at cucumber.cucumber.guice.provider.WebDriverProvider.get(WebDriverProvider.java:16)
	at com.google.inject.internal.ProviderInternalFactory.provision(ProviderInternalFactory.java:81)
	at com.google.inject.internal.BoundProviderFactory.provision(BoundProviderFactory.java:72)
	at com.google.inject.internal.ProviderInternalFactory.circularGet(ProviderInternalFactory.java:61)
	at com.google.inject.internal.BoundProviderFactory.get(BoundProviderFactory.java:62)
	at com.google.inject.internal.ProviderToInternalFactoryAdapter$1.call(ProviderToInternalFactoryAdapter.java:46)
	at com.google.inject.internal.InjectorImpl.callInContext(InjectorImpl.java:1092)
	at com.google.inject.internal.ProviderToInternalFactoryAdapter.get(ProviderToInternalFactoryAdapter.java:40)
	at com.google.inject.internal.SingletonScope$1.get(SingletonScope.java:194)
	at com.google.inject.internal.InternalFactoryToProviderAdapter.get(InternalFactoryToProviderAdapter.java:41)
	at com.google.inject.internal.SingleParameterInjector.inject(SingleParameterInjector.java:38)
	at com.google.inject.internal.SingleParameterInjector.getAll(SingleParameterInjector.java:62)
	at com.google.inject.internal.ConstructorInjector.provision(ConstructorInjector.java:110)
	at com.google.inject.internal.ConstructorInjector.construct(ConstructorInjector.java:90)
	at com.google.inject.internal.ConstructorBindingImpl$Factory.get(ConstructorBindingImpl.java:268)
	at com.google.inject.internal.InjectorImpl$2$1.call(InjectorImpl.java:1019)
	at com.google.inject.internal.InjectorImpl.callInContext(InjectorImpl.java:1085)
	at com.google.inject.internal.InjectorImpl$2.get(InjectorImpl.java:1015)
	... 33 more
&amp#27;[0m
      &amp#27;[31mcom.google.inject.ProvisionException: Unable to provision, see the following errors:
      
      1) Error in custom provider, java.lang.IllegalStateException: The path to the driver executable must be set by the webdriver.chrome.driver system property; for more information, see https://github.com/SeleniumHQ/selenium/wiki/ChromeDriver. The latest version can be downloaded from http://chromedriver.storage.googleapis.com/index.html
        while locating cucumber.cucumber.guice.provider.WebDriverProvider
        at cucumber.cucumber.guice.ProjectModule.configure(ProjectModule.java:12)
        while locating org.openqa.selenium.WebDriver
          for the 1st parameter of cucumber.cucumber.hooks.Hooks.<init>(Hooks.java:14)
        while locating cucumber.cucumber.hooks.Hooks
      
      1 error
      	at com.google.inject.internal.InjectorImpl$2.get(InjectorImpl.java:1028)
      	at com.google.inject.internal.InjectorImpl.getInstance(InjectorImpl.java:1054)
      	at cucumber.runtime.java.guice.impl.GuiceFactory.getInstance(GuiceFactory.java:42)
      	at cucumber.runtime.java.JavaHookDefinition.execute(JavaHookDefinition.java:60)
      	at cucumber.runtime.Runtime.runHookIfTagsMatch(Runtime.java:224)
      	at cucumber.runtime.Runtime.runHooks(Runtime.java:212)
      	at cucumber.runtime.Runtime.runBeforeHooks(Runtime.java:202)
      	at cucumber.runtime.model.CucumberScenario.run(CucumberScenario.java:40)
      	at cucumber.runtime.junit.ExecutionUnitRunner.run(ExecutionUnitRunner.java:102)
      	at cucumber.runtime.junit.FeatureRunner.runChild(FeatureRunner.java:63)
      	at cucumber.runtime.junit.FeatureRunner.runChild(FeatureRunner.java:18)
      	at org.junit.runners.ParentRunner$3.run(ParentRunner.java:290)
      	at org.junit.runners.ParentRunner$1.schedule(ParentRunner.java:71)
      	at org.junit.runners.ParentRunner.runChildren(ParentRunner.java:288)
      	at org.junit.runners.ParentRunner.access$000(ParentRunner.java:58)
      	at org.junit.runners.ParentRunner$2.evaluate(ParentRunner.java:268)
      	at org.junit.runners.ParentRunner.run(ParentRunner.java:363)
      	at cucumber.runtime.junit.FeatureRunner.run(FeatureRunner.java:70)
      	at cucumber.api.junit.Cucumber.runChild(Cucumber.java:95)
      	at cucumber.api.junit.Cucumber.runChild(Cucumber.java:38)
      	at org.junit.runners.ParentRunner$3.run(ParentRunner.java:290)
      	at org.junit.runners.ParentRunner$1.schedule(ParentRunner.java:71)
      	at org.junit.runners.ParentRunner.runChildren(ParentRunner.java:288)
      	at org.junit.runners.ParentRunner.access$000(ParentRunner.java:58)
      	at org.junit.runners.ParentRunner$2.evaluate(ParentRunner.java:268)
      	at org.junit.runners.ParentRunner.run(ParentRunner.java:363)
      	at cucumber.api.junit.Cucumber.run(Cucumber.java:100)
      	at org.apache.maven.surefire.junit4.JUnit4Provider.execute(JUnit4Provider.java:367)
      	at org.apache.maven.surefire.junit4.JUnit4Provider.executeWithRerun(JUnit4Provider.java:274)
      	at org.apache.maven.surefire.junit4.JUnit4Provider.executeTestSet(JUnit4Provider.java:238)
      	at org.apache.maven.surefire.junit4.JUnit4Provider.invoke(JUnit4Provider.java:161)
      	at org.apache.maven.surefire.booter.ForkedBooter.invokeProviderInSameClassLoader(ForkedBooter.java:290)
      	at org.apache.maven.surefire.booter.ForkedBooter.runSuitesInProcess(ForkedBooter.java:242)
      	at org.apache.maven.surefire.booter.ForkedBooter.main(ForkedBooter.java:121)
      Caused by: java.lang.IllegalStateException: The path to the driver executable must be set by the webdriver.chrome.driver system property; for more information, see https://github.com/SeleniumHQ/selenium/wiki/ChromeDriver. The latest version can be downloaded from http://chromedriver.storage.googleapis.com/index.html
      	at com.google.common.base.Preconditions.checkState(Preconditions.java:199)
      	at org.openqa.selenium.remote.service.DriverService.findExecutable(DriverService.java:109)
      	at org.openqa.selenium.chrome.ChromeDriverService.access$000(ChromeDriverService.java:32)
      	at org.openqa.selenium.chrome.ChromeDriverService$Builder.findDefaultExecutable(ChromeDriverService.java:137)
      	at org.openqa.selenium.remote.service.DriverService$Builder.build(DriverService.java:296)
      	at org.openqa.selenium.chrome.ChromeDriverService.createDefaultService(ChromeDriverService.java:88)
      	at org.openqa.selenium.chrome.ChromeDriver.<init>(ChromeDriver.java:120)
      	at cucumber.cucumber.guice.provider.WebDriverProvider.get(WebDriverProvider.java:44)
      	at cucumber.cucumber.guice.provider.WebDriverProvider.get(WebDriverProvider.java:16)
      	at com.google.inject.internal.ProviderInternalFactory.provision(ProviderInternalFactory.java:81)
      	at com.google.inject.internal.BoundProviderFactory.provision(BoundProviderFactory.java:72)
      	at com.google.inject.internal.ProviderInternalFactory.circularGet(ProviderInternalFactory.java:61)
      	at com.google.inject.internal.BoundProviderFactory.get(BoundProviderFactory.java:62)
      	at com.google.inject.internal.ProviderToInternalFactoryAdapter$1.call(ProviderToInternalFactoryAdapter.java:46)
      	at com.google.inject.internal.InjectorImpl.callInContext(InjectorImpl.java:1092)
      	at com.google.inject.internal.ProviderToInternalFactoryAdapter.get(ProviderToInternalFactoryAdapter.java:40)
      	at com.google.inject.internal.SingletonScope$1.get(SingletonScope.java:194)
      	at com.google.inject.internal.InternalFactoryToProviderAdapter.get(InternalFactoryToProviderAdapter.java:41)
      	at com.google.inject.internal.SingleParameterInjector.inject(SingleParameterInjector.java:38)
      	at com.google.inject.internal.SingleParameterInjector.getAll(SingleParameterInjector.java:62)
      	at com.google.inject.internal.ConstructorInjector.provision(ConstructorInjector.java:110)
      	at com.google.inject.internal.ConstructorInjector.construct(ConstructorInjector.java:90)
      	at com.google.inject.internal.ConstructorBindingImpl$Factory.get(ConstructorBindingImpl.java:268)
      	at com.google.inject.internal.InjectorImpl$2$1.call(InjectorImpl.java:1019)
      	at com.google.inject.internal.InjectorImpl.callInContext(InjectorImpl.java:1085)
      	at com.google.inject.internal.InjectorImpl$2.get(InjectorImpl.java:1015)
      	... 33 more
      &amp#27;[0m
]]></system-out>
  </testcase>
  <testcase name="Then I google should show me results!" classname="Scenario: Searching Google..." time="0">
    <skipped/>
  </testcase>
</testsuite>